Arguments: 
  C:\Program Files\nodejs\node.exe C:\Users\Administrator\AppData\Roaming\npm\node_modules\yarn\bin\yarn.js

PATH: 
  C:\Users\Administrator\bin;C:\Program Files\Git\mingw64\bin;C:\Program Files\Git\usr\local\bin;C:\Program Files\Git\usr\bin;C:\Program Files\Git\usr\bin;C:\Program Files\Git\mingw64\bin;C:\Program Files\Git\usr\bin;C:\Users\Administrator\bin;C:\Program Files (x86)\VMware\VMware Player\bin;C:\Program Files\Common Files\Oracle\Java\javapath;C:\Windows\system32;C:\Windows;C:\Windows\System32\Wbem;C:\Windows\System32\WindowsPowerShell\v1.0;C:\Windows\System32\OpenSSH;C:\Program Files\Microsoft SQL Server\150\Tools\Binn;C:\Program Files\Microsoft SQL Server\Client SDK\ODBC\170\Tools\Binn;C:\Program Files\dotnet;C:\Program Files\Git\cmd;C:\Program Files\TortoiseGit\bin;C:\ProgramData\ComposerSetup\bin;C:\Users\Administrator\AppData\Roaming\nvm;C:\Program Files\nodejs;C:\Program Files\MongoDB\Server\6.0\bin;C:\Users\Administrator\AppData\Local\Programs\Python\Python311\Scripts;C:\Users\Administrator\AppData\Local\Programs\Python\Python311;C:\Users\Administrator\AppData\Local\Microsoft\WindowsApps;C:\Users\Administrator\AppData\Local\Programs\Microsoft VS Code\bin;C:\Users\Administrator\.dotnet\tools;C:\xampp\php;C:\Users\Administrator\AppData\Roaming\Composer\vendor\bin;C:\Users\Administrator\AppData\Roaming\npm;C:\src\flutter\bin;C:\Users\Administrator\AppData\Roaming\nvm;C:\Program Files\nodejs;D:\devspace;C:\Program Files\Git\usr\bin\vendor_perl;C:\Program Files\Git\usr\bin\core_perl

Yarn version: 
  1.22.19

Node version: 
  18.15.0

Platform: 
  win32 x64

Trace: 
  Error: connect EHOSTUNREACH 104.16.25.35:443
      at TCPConnectWrap.afterConnect [as oncomplete] (node:net:1494:16)

npm manifest: 
  {
    "name": "f8-frontend",
    "version": "0.1.0",
    "private": true,
    "scripts": {
      "dev": "next dev",
      "build": "next build",
      "start": "next start",
      "lint": "next lint"
    },
    "dependencies": {
      "@reduxjs/toolkit": "^1.9.5",
      "@types/node": "20.2.5",
      "@types/react": "18.2.7",
      "@types/react-dom": "18.2.4",
      "@zeit/next-sass": "^1.0.1",
      "axios": "^1.4.0",
      "babel": "^6.23.0",
      "bootstrap": "^5.3.0",
      "dotenv": "^16.1.3",
      "eslint": "8.41.0",
      "eslint-config-next": "13.4.4",
      "fastify": "^4.17.0",
      "fastify-nextjs": "^7.3.0",
      "js-cookie": "^3.0.5",
      "next": "13.4.4",
      "nookies": "^2.5.2",
      "react": "18.2.0",
      "react-bootstrap": "^2.7.4",
      "react-dom": "18.2.0",
      "react-icons": "^4.9.0",
      "react-redux": "^8.0.7",
      "react-router-dom": "^6.11.2",
      "react-toastify": "^9.1.3",
      "sass": "^1.62.1",
      "typescript": "5.0.4",
      "yarn": "^1.22.19"
    },
    "proxy": "http://66.94.102.219:5000"
  }

yarn manifest: 
  No manifest

Lockfile: 
  No lockfile
